\BOOKMARK [0][]{chapter.1}{1 Parte 1}{}% 1
\BOOKMARK [1][-]{section.1.1}{1.1 An\341lise do problema}{chapter.1}% 2
\BOOKMARK [1][-]{section.1.2}{1.2 Modelo}{chapter.1}% 3
\BOOKMARK [2][-]{subsection.1.2.1}{1.2.1 Par\342metros}{section.1.2}% 4
\BOOKMARK [2][-]{subsection.1.2.2}{1.2.2 Vari\341veis de decis\343o}{section.1.2}% 5
\BOOKMARK [2][-]{subsection.1.2.3}{1.2.3 Fun\347\343o objetivo}{section.1.2}% 6
\BOOKMARK [2][-]{subsection.1.2.4}{1.2.4 Restri\347\365es}{section.1.2}% 7
\BOOKMARK [1][-]{section.1.3}{1.3 Ficheiro Input}{chapter.1}% 8
\BOOKMARK [1][-]{section.1.4}{1.4 Output produzido pelo Relax4}{chapter.1}% 9
\BOOKMARK [1][-]{section.1.5}{1.5 Resultado}{chapter.1}% 10
\BOOKMARK [1][-]{section.1.6}{1.6 Valida\347\343o do Modelo}{chapter.1}% 11
\BOOKMARK [2][-]{subsection.1.6.1}{1.6.1 Vari\341veis de Decis\343o}{section.1.6}% 12
\BOOKMARK [2][-]{subsection.1.6.2}{1.6.2 Fun\347\343o objetivo}{section.1.6}% 13
\BOOKMARK [2][-]{subsection.1.6.3}{1.6.3 Restri\347\365es}{section.1.6}% 14
\BOOKMARK [0][]{chapter.2}{2 Parte 2}{}% 15
\BOOKMARK [1][-]{section.2.1}{2.1 An\341lise Problema}{chapter.2}% 16
\BOOKMARK [1][-]{section.2.2}{2.2 Modelo Primal \204 Trabalho 1}{chapter.2}% 17
\BOOKMARK [2][-]{subsection.2.2.1}{2.2.1 Par\342metros}{section.2.2}% 18
\BOOKMARK [2][-]{subsection.2.2.2}{2.2.2 Vari\341veis de decis\343o}{section.2.2}% 19
\BOOKMARK [2][-]{subsection.2.2.3}{2.2.3 Fun\347\343o Objetivo}{section.2.2}% 20
\BOOKMARK [2][-]{subsection.2.2.4}{2.2.4 Restri\347\365es}{section.2.2}% 21
\BOOKMARK [1][-]{section.2.3}{2.3 Constru\347\343o do modelo dual do Trabalho 1}{chapter.2}% 22
\BOOKMARK [2][-]{subsection.2.3.1}{2.3.1 Vari\341veis de decis\343o}{section.2.3}% 23
\BOOKMARK [2][-]{subsection.2.3.2}{2.3.2 Restri\347\365es}{section.2.3}% 24
\BOOKMARK [2][-]{subsection.2.3.3}{2.3.3 Fun\347\343o objetivo}{section.2.3}% 25
\BOOKMARK [2][-]{subsection.2.3.4}{2.3.4 Constru\347\343o do modelo dual \204 concretiza\347\343o}{section.2.3}% 26
\BOOKMARK [1][-]{section.2.4}{2.4 Conclus\343o}{chapter.2}% 27
